TN:
SF:src\advanced.js
FN:1,pow
FN:5,modulo
FN:10,selectionSort
FN:28,insertionSort
FNF:4
FNH:4
FNDA:3,pow
FNDA:4,modulo
FNDA:2,selectionSort
FNDA:2,insertionSort
DA:2,3
DA:6,4
DA:11,2
DA:12,2
DA:13,8
DA:14,8
DA:15,36
DA:16,8
DA:19,8
DA:21,6
DA:24,2
DA:29,2
DA:30,2
DA:31,8
DA:32,8
DA:33,8
DA:34,10
DA:35,10
DA:37,8
DA:39,2
DA:41,1
LF:21
LH:21
BRDA:15,0,0,8
BRDA:15,0,1,28
BRDA:19,1,0,6
BRDA:19,1,1,2
BRDA:33,2,0,18
BRDA:33,2,1,17
BRF:6
BRH:6
end_of_record
TN:
SF:src\basic.js
FN:1,add
FN:5,subtract
FN:9,multiply
FN:13,divide
FNF:4
FNH:4
FNDA:4,add
FNDA:4,subtract
FNDA:4,multiply
FNDA:4,divide
DA:2,4
DA:6,4
DA:10,4
DA:14,4
DA:19,1
LF:5
LH:5
BRF:0
BRH:0
end_of_record
